[debug] [2026-03-04T03:23:45.591Z] ----------------------------------------------------------------------
[debug] [2026-03-04T03:23:45.595Z] Command:       C:\Program Files\nodejs\node.exe C:\Users\yurik\AppData\Roaming\npm\node_modules\firebase-tools\lib\bin\firebase.js init
[debug] [2026-03-04T03:23:45.596Z] CLI Version:   15.8.0
[debug] [2026-03-04T03:23:45.596Z] Platform:      win32
[debug] [2026-03-04T03:23:45.596Z] Node Version:  v22.18.0
[debug] [2026-03-04T03:23:45.596Z] Time:          Wed Mar 04 2026 00:23:45 GMT-0300 (Horário Padrão de Brasília)
[debug] [2026-03-04T03:23:45.596Z] ----------------------------------------------------------------------
[debug] 
[info] 
     ######## #### ########  ######## ########     ###     ######  ########
     ##        ##  ##     ## ##       ##     ##  ##   ##  ##       ##
     ######    ##  ########  ######   ########  #########  ######  ######
     ##        ##  ##    ##  ##       ##     ## ##     ##       ## ##
     ##       #### ##     ## ######## ########  ##     ##  ######  ########

You're about to initialize a Firebase project in this directory:

  C:\Users\yurik\Codigos\gestao-eventos-academicos

[debug] [2026-03-04T03:24:05.369Z] ExitPromptError: User force closed the prompt with SIGINT
    at Interface.sigint (C:\Users\yurik\AppData\Roaming\npm\node_modules\firebase-tools\node_modules\@inquirer\core\dist\commonjs\lib\create-prompt.js:101:37)
    at Interface.emit (node:events:518:28)
    at [_ttyWrite] [as _ttyWrite] (node:internal/readline/interface:1132:18)
    at ReadStream.onkeypress (node:internal/readline/interface:271:20)
    at ReadStream.emit (node:events:530:35)
    at emitKeys (node:internal/readline/utils:370:14)
    at emitKeys.next (<anonymous>)
    at ReadStream.onData (node:internal/readline/emitKeypressEvents:64:36)
    at ReadStream.emit (node:events:518:28)
    at addChunk (node:internal/streams/readable:561:12)
[error] 
[error] Error: An unexpected error has occurred.
